<?xml version="1.0" encoding="UTF-8"?>
<testsuite xmlns:xsi="http://www.w3.org/2001/XMLSchema-instance" xsi:noNamespaceSchemaLocation="https://maven.apache.org/surefire/maven-surefire-plugin/xsd/surefire-test-report-3.0.xsd" version="3.0" name="TestSuite" time="25.948" tests="3" errors="0" skipped="0" failures="0">
  <properties>
    <property name="java.specification.version" value="17"/>
    <property name="webdriver.chrome.driver" value="/Users/maa/Projects/Eclipse/CucumberFramework//src//test//resources//chromedriver"/>
    <property name="sun.jnu.encoding" value="UTF-8"/>
    <property name="java.class.path" value="/Users/maa/Projects/Eclipse/CucumberFramework/target/test-classes:/Users/maa/Projects/Eclipse/CucumberFramework/target/classes:/Users/maa/.m2/repository/io/cucumber/cucumber-java/7.8.1/cucumber-java-7.8.1.jar:/Users/maa/.m2/repository/io/cucumber/cucumber-core/7.8.1/cucumber-core-7.8.1.jar:/Users/maa/.m2/repository/io/cucumber/cucumber-gherkin/7.8.1/cucumber-gherkin-7.8.1.jar:/Users/maa/.m2/repository/io/cucumber/cucumber-gherkin-messages/7.8.1/cucumber-gherkin-messages-7.8.1.jar:/Users/maa/.m2/repository/io/cucumber/gherkin/24.0.0/gherkin-24.0.0.jar:/Users/maa/.m2/repository/io/cucumber/messages/19.1.4/messages-19.1.4.jar:/Users/maa/.m2/repository/io/cucumber/tag-expressions/4.1.0/tag-expressions-4.1.0.jar:/Users/maa/.m2/repository/io/cucumber/cucumber-expressions/16.0.0/cucumber-expressions-16.0.0.jar:/Users/maa/.m2/repository/io/cucumber/datatable/7.8.1/datatable-7.8.1.jar:/Users/maa/.m2/repository/io/cucumber/cucumber-plugin/7.8.1/cucumber-plugin-7.8.1.jar:/Users/maa/.m2/repository/io/cucumber/docstring/7.8.1/docstring-7.8.1.jar:/Users/maa/.m2/repository/io/cucumber/html-formatter/20.1.0/html-formatter-20.1.0.jar:/Users/maa/.m2/repository/io/cucumber/ci-environment/9.1.0/ci-environment-9.1.0.jar:/Users/maa/.m2/repository/org/apiguardian/apiguardian-api/1.1.2/apiguardian-api-1.1.2.jar:/Users/maa/.m2/repository/io/cucumber/cucumber-testng/7.8.1/cucumber-testng-7.8.1.jar:/Users/maa/.m2/repository/org/testng/testng/7.6.1/testng-7.6.1.jar:/Users/maa/.m2/repository/com/google/code/findbugs/jsr305/3.0.2/jsr305-3.0.2.jar:/Users/maa/.m2/repository/org/slf4j/slf4j-api/1.7.36/slf4j-api-1.7.36.jar:/Users/maa/.m2/repository/com/beust/jcommander/1.82/jcommander-1.82.jar:/Users/maa/.m2/repository/org/webjars/jquery/3.6.0/jquery-3.6.0.jar:/Users/maa/.m2/repository/org/seleniumhq/selenium/selenium-java/4.5.0/selenium-java-4.5.0.jar:/Users/maa/.m2/repository/org/seleniumhq/selenium/selenium-api/4.5.0/selenium-api-4.5.0.jar:/Users/maa/.m2/repository/org/seleniumhq/selenium/selenium-chrome-driver/4.5.0/selenium-chrome-driver-4.5.0.jar:/Users/maa/.m2/repository/com/google/auto/service/auto-service-annotations/1.0.1/auto-service-annotations-1.0.1.jar:/Users/maa/.m2/repository/com/google/auto/service/auto-service/1.0.1/auto-service-1.0.1.jar:/Users/maa/.m2/repository/com/google/auto/auto-common/1.2/auto-common-1.2.jar:/Users/maa/.m2/repository/com/google/guava/guava/31.1-jre/guava-31.1-jre.jar:/Users/maa/.m2/repository/com/google/guava/failureaccess/1.0.1/failureaccess-1.0.1.jar:/Users/maa/.m2/repository/com/google/guava/listenablefuture/9999.0-empty-to-avoid-conflict-with-guava/listenablefuture-9999.0-empty-to-avoid-conflict-with-guava.jar:/Users/maa/.m2/repository/org/checkerframework/checker-qual/3.12.0/checker-qual-3.12.0.jar:/Users/maa/.m2/repository/com/google/errorprone/error_prone_annotations/2.11.0/error_prone_annotations-2.11.0.jar:/Users/maa/.m2/repository/com/google/j2objc/j2objc-annotations/1.3/j2objc-annotations-1.3.jar:/Users/maa/.m2/repository/org/seleniumhq/selenium/selenium-chromium-driver/4.5.0/selenium-chromium-driver-4.5.0.jar:/Users/maa/.m2/repository/org/seleniumhq/selenium/selenium-json/4.5.0/selenium-json-4.5.0.jar:/Users/maa/.m2/repository/org/seleniumhq/selenium/selenium-devtools-v104/4.5.0/selenium-devtools-v104-4.5.0.jar:/Users/maa/.m2/repository/org/seleniumhq/selenium/selenium-devtools-v105/4.5.0/selenium-devtools-v105-4.5.0.jar:/Users/maa/.m2/repository/org/seleniumhq/selenium/selenium-devtools-v106/4.5.0/selenium-devtools-v106-4.5.0.jar:/Users/maa/.m2/repository/org/seleniumhq/selenium/selenium-devtools-v85/4.5.0/selenium-devtools-v85-4.5.0.jar:/Users/maa/.m2/repository/org/seleniumhq/selenium/selenium-edge-driver/4.5.0/selenium-edge-driver-4.5.0.jar:/Users/maa/.m2/repository/org/seleniumhq/selenium/selenium-firefox-driver/4.5.0/selenium-firefox-driver-4.5.0.jar:/Users/maa/.m2/repository/org/seleniumhq/selenium/selenium-ie-driver/4.5.0/selenium-ie-driver-4.5.0.jar:/Users/maa/.m2/repository/org/seleniumhq/selenium/selenium-remote-driver/4.5.0/selenium-remote-driver-4.5.0.jar:/Users/maa/.m2/repository/io/netty/netty-buffer/4.1.79.Final/netty-buffer-4.1.79.Final.jar:/Users/maa/.m2/repository/io/netty/netty-codec-http/4.1.79.Final/netty-codec-http-4.1.79.Final.jar:/Users/maa/.m2/repository/io/netty/netty-codec/4.1.79.Final/netty-codec-4.1.79.Final.jar:/Users/maa/.m2/repository/io/netty/netty-handler/4.1.79.Final/netty-handler-4.1.79.Final.jar:/Users/maa/.m2/repository/io/netty/netty-common/4.1.79.Final/netty-common-4.1.79.Final.jar:/Users/maa/.m2/repository/io/netty/netty-transport-classes-epoll/4.1.79.Final/netty-transport-classes-epoll-4.1.79.Final.jar:/Users/maa/.m2/repository/io/netty/netty-transport-classes-kqueue/4.1.79.Final/netty-transport-classes-kqueue-4.1.79.Final.jar:/Users/maa/.m2/repository/io/netty/netty-transport-native-epoll/4.1.79.Final/netty-transport-native-epoll-4.1.79.Final.jar:/Users/maa/.m2/repository/io/netty/netty-transport-native-kqueue/4.1.79.Final/netty-transport-native-kqueue-4.1.79.Final.jar:/Users/maa/.m2/repository/io/netty/netty-transport-native-unix-common/4.1.79.Final/netty-transport-native-unix-common-4.1.79.Final.jar:/Users/maa/.m2/repository/io/netty/netty-transport/4.1.79.Final/netty-transport-4.1.79.Final.jar:/Users/maa/.m2/repository/io/netty/netty-resolver/4.1.79.Final/netty-resolver-4.1.79.Final.jar:/Users/maa/.m2/repository/io/opentelemetry/opentelemetry-api/1.17.0/opentelemetry-api-1.17.0.jar:/Users/maa/.m2/repository/io/opentelemetry/opentelemetry-context/1.17.0/opentelemetry-context-1.17.0.jar:/Users/maa/.m2/repository/io/opentelemetry/opentelemetry-exporter-logging/1.17.0/opentelemetry-exporter-logging-1.17.0.jar:/Users/maa/.m2/repository/io/opentelemetry/opentelemetry-sdk-metrics/1.17.0/opentelemetry-sdk-metrics-1.17.0.jar:/Users/maa/.m2/repository/io/opentelemetry/opentelemetry-sdk-logs/1.17.0-alpha/opentelemetry-sdk-logs-1.17.0-alpha.jar:/Users/maa/.m2/repository/io/opentelemetry/opentelemetry-sdk-common/1.17.0/opentelemetry-sdk-common-1.17.0.jar:/Users/maa/.m2/repository/io/opentelemetry/opentelemetry-sdk-extension-autoconfigure-spi/1.17.0/opentelemetry-sdk-extension-autoconfigure-spi-1.17.0.jar:/Users/maa/.m2/repository/io/opentelemetry/opentelemetry-sdk-extension-autoconfigure/1.17.0-alpha/opentelemetry-sdk-extension-autoconfigure-1.17.0-alpha.jar:/Users/maa/.m2/repository/io/opentelemetry/opentelemetry-exporter-common/1.17.0/opentelemetry-exporter-common-1.17.0.jar:/Users/maa/.m2/repository/io/opentelemetry/opentelemetry-sdk-trace/1.17.0/opentelemetry-sdk-trace-1.17.0.jar:/Users/maa/.m2/repository/io/opentelemetry/opentelemetry-sdk/1.17.0/opentelemetry-sdk-1.17.0.jar:/Users/maa/.m2/repository/io/opentelemetry/opentelemetry-semconv/1.17.0-alpha/opentelemetry-semconv-1.17.0-alpha.jar:/Users/maa/.m2/repository/io/ous/jtoml/2.0.0/jtoml-2.0.0.jar:/Users/maa/.m2/repository/net/bytebuddy/byte-buddy/1.12.14/byte-buddy-1.12.14.jar:/Users/maa/.m2/repository/org/apache/commons/commons-exec/1.3/commons-exec-1.3.jar:/Users/maa/.m2/repository/org/asynchttpclient/async-http-client/2.12.3/async-http-client-2.12.3.jar:/Users/maa/.m2/repository/org/asynchttpclient/async-http-client-netty-utils/2.12.3/async-http-client-netty-utils-2.12.3.jar:/Users/maa/.m2/repository/io/netty/netty-codec-socks/4.1.60.Final/netty-codec-socks-4.1.60.Final.jar:/Users/maa/.m2/repository/io/netty/netty-handler-proxy/4.1.60.Final/netty-handler-proxy-4.1.60.Final.jar:/Users/maa/.m2/repository/io/netty/netty-transport-native-epoll/4.1.60.Final/netty-transport-native-epoll-4.1.60.Final-linux-x86_64.jar:/Users/maa/.m2/repository/io/netty/netty-transport-native-kqueue/4.1.60.Final/netty-transport-native-kqueue-4.1.60.Final-osx-x86_64.jar:/Users/maa/.m2/repository/com/typesafe/netty/netty-reactive-streams/2.0.4/netty-reactive-streams-2.0.4.jar:/Users/maa/.m2/repository/com/sun/activation/jakarta.activation/1.2.2/jakarta.activation-1.2.2.jar:/Users/maa/.m2/repository/org/seleniumhq/selenium/selenium-http/4.5.0/selenium-http-4.5.0.jar:/Users/maa/.m2/repository/dev/failsafe/failsafe/3.2.4/failsafe-3.2.4.jar:/Users/maa/.m2/repository/org/seleniumhq/selenium/selenium-safari-driver/4.5.0/selenium-safari-driver-4.5.0.jar:/Users/maa/.m2/repository/org/seleniumhq/selenium/selenium-support/4.5.0/selenium-support-4.5.0.jar:/Users/maa/.m2/repository/io/cucumber/cucumber-picocontainer/7.8.1/cucumber-picocontainer-7.8.1.jar:/Users/maa/.m2/repository/org/picocontainer/picocontainer/2.15/picocontainer-2.15.jar:/Users/maa/.m2/repository/com/aventstack/extentreports/5.0.9/extentreports-5.0.9.jar:/Users/maa/.m2/repository/io/reactivex/rxjava3/rxjava/3.0.4/rxjava-3.0.4.jar:/Users/maa/.m2/repository/org/reactivestreams/reactive-streams/1.0.3/reactive-streams-1.0.3.jar:/Users/maa/.m2/repository/org/freemarker/freemarker/2.3.30/freemarker-2.3.30.jar:/Users/maa/.m2/repository/org/projectlombok/lombok/1.18.12/lombok-1.18.12.jar:/Users/maa/.m2/repository/com/google/code/gson/gson/2.8.6/gson-2.8.6.jar:/Users/maa/.m2/repository/tech/grasshopper/extentreports-cucumber7-adapter/1.7.0/extentreports-cucumber7-adapter-1.7.0.jar:/Users/maa/.m2/repository/tech/grasshopper/extent-pdf-report/2.7.0/extent-pdf-report-2.7.0.jar:/Users/maa/.m2/repository/tech/grasshopper/cucumber-pdf-report/2.10.0/cucumber-pdf-report-2.10.0.jar:/Users/maa/.m2/repository/org/apache/pdfbox/pdfbox/2.0.26/pdfbox-2.0.26.jar:/Users/maa/.m2/repository/org/apache/pdfbox/fontbox/2.0.26/fontbox-2.0.26.jar:/Users/maa/.m2/repository/org/knowm/xchart/xchart/3.8.0/xchart-3.8.0.jar:/Users/maa/.m2/repository/de/erichseifert/vectorgraphics2d/VectorGraphics2D/0.13/VectorGraphics2D-0.13.jar:/Users/maa/.m2/repository/de/rototor/pdfbox/graphics2d/0.30/graphics2d-0.30.jar:/Users/maa/.m2/repository/com/madgag/animated-gif-lib/1.4/animated-gif-lib-1.4.jar:/Users/maa/.m2/repository/org/yaml/snakeyaml/1.28/snakeyaml-1.28.jar:/Users/maa/.m2/repository/tech/grasshopper/table-layout/1.5.1/table-layout-1.5.1.jar:/Users/maa/.m2/repository/tech/grasshopper/rest-assured-cucumber-pdf-report/1.4.1/rest-assured-cucumber-pdf-report-1.4.1.jar:/Users/maa/.m2/repository/org/jsoup/jsoup/1.14.3/jsoup-1.14.3.jar:/Users/maa/.m2/repository/com/aventstack/klov-reporter/5.0.9/klov-reporter-5.0.9.jar:/Users/maa/.m2/repository/org/mongodb/mongodb-driver/3.6.4/mongodb-driver-3.6.4.jar:/Users/maa/.m2/repository/org/mongodb/mongodb-driver-core/3.6.4/mongodb-driver-core-3.6.4.jar:/Users/maa/.m2/repository/org/mongodb/bson/3.6.4/bson-3.6.4.jar:/Users/maa/.m2/repository/org/apache/httpcomponents/httpclient/4.5.13/httpclient-4.5.13.jar:/Users/maa/.m2/repository/org/apache/httpcomponents/httpcore/4.4.13/httpcore-4.4.13.jar:/Users/maa/.m2/repository/commons-logging/commons-logging/1.2/commons-logging-1.2.jar:/Users/maa/.m2/repository/commons-codec/commons-codec/1.11/commons-codec-1.11.jar:/Users/maa/.m2/repository/org/apache/httpcomponents/httpmime/4.5.13/httpmime-4.5.13.jar:/Users/maa/.m2/repository/tech/grasshopper/htmlextentreporter/1.0.1/htmlextentreporter-1.0.1.jar:/Users/maa/.m2/repository/commons-io/commons-io/2.11.0/commons-io-2.11.0.jar:"/>
    <property name="java.vm.vendor" value="Oracle Corporation"/>
    <property name="sun.arch.data.model" value="64"/>
    <property name="java.vendor.url" value="https://java.oracle.com/"/>
    <property name="user.timezone" value="Asia/Kolkata"/>
    <property name="os.name" value="Mac OS X"/>
    <property name="java.vm.specification.version" value="17"/>
    <property name="sun.java.launcher" value="SUN_STANDARD"/>
    <property name="user.country" value="IN"/>
    <property name="sun.boot.library.path" value="/Library/Java/JavaVirtualMachines/jdk-17.0.4.1.jdk/Contents/Home/lib"/>
    <property name="sun.java.command" value="/Users/maa/Projects/Eclipse/CucumberFramework/target/surefire/surefirebooter4529295232998762144.jar /Users/maa/Projects/Eclipse/CucumberFramework/target/surefire 2022-10-17T20-15-25_263-jvmRun1 surefire11686034534919539625tmp surefire_06080189818439533089tmp"/>
    <property name="http.nonProxyHosts" value="local|*.local|169.254/16|*.169.254/16"/>
    <property name="jdk.debug" value="release"/>
    <property name="surefire.test.class.path" value="/Users/maa/Projects/Eclipse/CucumberFramework/target/test-classes:/Users/maa/Projects/Eclipse/CucumberFramework/target/classes:/Users/maa/.m2/repository/io/cucumber/cucumber-java/7.8.1/cucumber-java-7.8.1.jar:/Users/maa/.m2/repository/io/cucumber/cucumber-core/7.8.1/cucumber-core-7.8.1.jar:/Users/maa/.m2/repository/io/cucumber/cucumber-gherkin/7.8.1/cucumber-gherkin-7.8.1.jar:/Users/maa/.m2/repository/io/cucumber/cucumber-gherkin-messages/7.8.1/cucumber-gherkin-messages-7.8.1.jar:/Users/maa/.m2/repository/io/cucumber/gherkin/24.0.0/gherkin-24.0.0.jar:/Users/maa/.m2/repository/io/cucumber/messages/19.1.4/messages-19.1.4.jar:/Users/maa/.m2/repository/io/cucumber/tag-expressions/4.1.0/tag-expressions-4.1.0.jar:/Users/maa/.m2/repository/io/cucumber/cucumber-expressions/16.0.0/cucumber-expressions-16.0.0.jar:/Users/maa/.m2/repository/io/cucumber/datatable/7.8.1/datatable-7.8.1.jar:/Users/maa/.m2/repository/io/cucumber/cucumber-plugin/7.8.1/cucumber-plugin-7.8.1.jar:/Users/maa/.m2/repository/io/cucumber/docstring/7.8.1/docstring-7.8.1.jar:/Users/maa/.m2/repository/io/cucumber/html-formatter/20.1.0/html-formatter-20.1.0.jar:/Users/maa/.m2/repository/io/cucumber/ci-environment/9.1.0/ci-environment-9.1.0.jar:/Users/maa/.m2/repository/org/apiguardian/apiguardian-api/1.1.2/apiguardian-api-1.1.2.jar:/Users/maa/.m2/repository/io/cucumber/cucumber-testng/7.8.1/cucumber-testng-7.8.1.jar:/Users/maa/.m2/repository/org/testng/testng/7.6.1/testng-7.6.1.jar:/Users/maa/.m2/repository/com/google/code/findbugs/jsr305/3.0.2/jsr305-3.0.2.jar:/Users/maa/.m2/repository/org/slf4j/slf4j-api/1.7.36/slf4j-api-1.7.36.jar:/Users/maa/.m2/repository/com/beust/jcommander/1.82/jcommander-1.82.jar:/Users/maa/.m2/repository/org/webjars/jquery/3.6.0/jquery-3.6.0.jar:/Users/maa/.m2/repository/org/seleniumhq/selenium/selenium-java/4.5.0/selenium-java-4.5.0.jar:/Users/maa/.m2/repository/org/seleniumhq/selenium/selenium-api/4.5.0/selenium-api-4.5.0.jar:/Users/maa/.m2/repository/org/seleniumhq/selenium/selenium-chrome-driver/4.5.0/selenium-chrome-driver-4.5.0.jar:/Users/maa/.m2/repository/com/google/auto/service/auto-service-annotations/1.0.1/auto-service-annotations-1.0.1.jar:/Users/maa/.m2/repository/com/google/auto/service/auto-service/1.0.1/auto-service-1.0.1.jar:/Users/maa/.m2/repository/com/google/auto/auto-common/1.2/auto-common-1.2.jar:/Users/maa/.m2/repository/com/google/guava/guava/31.1-jre/guava-31.1-jre.jar:/Users/maa/.m2/repository/com/google/guava/failureaccess/1.0.1/failureaccess-1.0.1.jar:/Users/maa/.m2/repository/com/google/guava/listenablefuture/9999.0-empty-to-avoid-conflict-with-guava/listenablefuture-9999.0-empty-to-avoid-conflict-with-guava.jar:/Users/maa/.m2/repository/org/checkerframework/checker-qual/3.12.0/checker-qual-3.12.0.jar:/Users/maa/.m2/repository/com/google/errorprone/error_prone_annotations/2.11.0/error_prone_annotations-2.11.0.jar:/Users/maa/.m2/repository/com/google/j2objc/j2objc-annotations/1.3/j2objc-annotations-1.3.jar:/Users/maa/.m2/repository/org/seleniumhq/selenium/selenium-chromium-driver/4.5.0/selenium-chromium-driver-4.5.0.jar:/Users/maa/.m2/repository/org/seleniumhq/selenium/selenium-json/4.5.0/selenium-json-4.5.0.jar:/Users/maa/.m2/repository/org/seleniumhq/selenium/selenium-devtools-v104/4.5.0/selenium-devtools-v104-4.5.0.jar:/Users/maa/.m2/repository/org/seleniumhq/selenium/selenium-devtools-v105/4.5.0/selenium-devtools-v105-4.5.0.jar:/Users/maa/.m2/repository/org/seleniumhq/selenium/selenium-devtools-v106/4.5.0/selenium-devtools-v106-4.5.0.jar:/Users/maa/.m2/repository/org/seleniumhq/selenium/selenium-devtools-v85/4.5.0/selenium-devtools-v85-4.5.0.jar:/Users/maa/.m2/repository/org/seleniumhq/selenium/selenium-edge-driver/4.5.0/selenium-edge-driver-4.5.0.jar:/Users/maa/.m2/repository/org/seleniumhq/selenium/selenium-firefox-driver/4.5.0/selenium-firefox-driver-4.5.0.jar:/Users/maa/.m2/repository/org/seleniumhq/selenium/selenium-ie-driver/4.5.0/selenium-ie-driver-4.5.0.jar:/Users/maa/.m2/repository/org/seleniumhq/selenium/selenium-remote-driver/4.5.0/selenium-remote-driver-4.5.0.jar:/Users/maa/.m2/repository/io/netty/netty-buffer/4.1.79.Final/netty-buffer-4.1.79.Final.jar:/Users/maa/.m2/repository/io/netty/netty-codec-http/4.1.79.Final/netty-codec-http-4.1.79.Final.jar:/Users/maa/.m2/repository/io/netty/netty-codec/4.1.79.Final/netty-codec-4.1.79.Final.jar:/Users/maa/.m2/repository/io/netty/netty-handler/4.1.79.Final/netty-handler-4.1.79.Final.jar:/Users/maa/.m2/repository/io/netty/netty-common/4.1.79.Final/netty-common-4.1.79.Final.jar:/Users/maa/.m2/repository/io/netty/netty-transport-classes-epoll/4.1.79.Final/netty-transport-classes-epoll-4.1.79.Final.jar:/Users/maa/.m2/repository/io/netty/netty-transport-classes-kqueue/4.1.79.Final/netty-transport-classes-kqueue-4.1.79.Final.jar:/Users/maa/.m2/repository/io/netty/netty-transport-native-epoll/4.1.79.Final/netty-transport-native-epoll-4.1.79.Final.jar:/Users/maa/.m2/repository/io/netty/netty-transport-native-kqueue/4.1.79.Final/netty-transport-native-kqueue-4.1.79.Final.jar:/Users/maa/.m2/repository/io/netty/netty-transport-native-unix-common/4.1.79.Final/netty-transport-native-unix-common-4.1.79.Final.jar:/Users/maa/.m2/repository/io/netty/netty-transport/4.1.79.Final/netty-transport-4.1.79.Final.jar:/Users/maa/.m2/repository/io/netty/netty-resolver/4.1.79.Final/netty-resolver-4.1.79.Final.jar:/Users/maa/.m2/repository/io/opentelemetry/opentelemetry-api/1.17.0/opentelemetry-api-1.17.0.jar:/Users/maa/.m2/repository/io/opentelemetry/opentelemetry-context/1.17.0/opentelemetry-context-1.17.0.jar:/Users/maa/.m2/repository/io/opentelemetry/opentelemetry-exporter-logging/1.17.0/opentelemetry-exporter-logging-1.17.0.jar:/Users/maa/.m2/repository/io/opentelemetry/opentelemetry-sdk-metrics/1.17.0/opentelemetry-sdk-metrics-1.17.0.jar:/Users/maa/.m2/repository/io/opentelemetry/opentelemetry-sdk-logs/1.17.0-alpha/opentelemetry-sdk-logs-1.17.0-alpha.jar:/Users/maa/.m2/repository/io/opentelemetry/opentelemetry-sdk-common/1.17.0/opentelemetry-sdk-common-1.17.0.jar:/Users/maa/.m2/repository/io/opentelemetry/opentelemetry-sdk-extension-autoconfigure-spi/1.17.0/opentelemetry-sdk-extension-autoconfigure-spi-1.17.0.jar:/Users/maa/.m2/repository/io/opentelemetry/opentelemetry-sdk-extension-autoconfigure/1.17.0-alpha/opentelemetry-sdk-extension-autoconfigure-1.17.0-alpha.jar:/Users/maa/.m2/repository/io/opentelemetry/opentelemetry-exporter-common/1.17.0/opentelemetry-exporter-common-1.17.0.jar:/Users/maa/.m2/repository/io/opentelemetry/opentelemetry-sdk-trace/1.17.0/opentelemetry-sdk-trace-1.17.0.jar:/Users/maa/.m2/repository/io/opentelemetry/opentelemetry-sdk/1.17.0/opentelemetry-sdk-1.17.0.jar:/Users/maa/.m2/repository/io/opentelemetry/opentelemetry-semconv/1.17.0-alpha/opentelemetry-semconv-1.17.0-alpha.jar:/Users/maa/.m2/repository/io/ous/jtoml/2.0.0/jtoml-2.0.0.jar:/Users/maa/.m2/repository/net/bytebuddy/byte-buddy/1.12.14/byte-buddy-1.12.14.jar:/Users/maa/.m2/repository/org/apache/commons/commons-exec/1.3/commons-exec-1.3.jar:/Users/maa/.m2/repository/org/asynchttpclient/async-http-client/2.12.3/async-http-client-2.12.3.jar:/Users/maa/.m2/repository/org/asynchttpclient/async-http-client-netty-utils/2.12.3/async-http-client-netty-utils-2.12.3.jar:/Users/maa/.m2/repository/io/netty/netty-codec-socks/4.1.60.Final/netty-codec-socks-4.1.60.Final.jar:/Users/maa/.m2/repository/io/netty/netty-handler-proxy/4.1.60.Final/netty-handler-proxy-4.1.60.Final.jar:/Users/maa/.m2/repository/io/netty/netty-transport-native-epoll/4.1.60.Final/netty-transport-native-epoll-4.1.60.Final-linux-x86_64.jar:/Users/maa/.m2/repository/io/netty/netty-transport-native-kqueue/4.1.60.Final/netty-transport-native-kqueue-4.1.60.Final-osx-x86_64.jar:/Users/maa/.m2/repository/com/typesafe/netty/netty-reactive-streams/2.0.4/netty-reactive-streams-2.0.4.jar:/Users/maa/.m2/repository/com/sun/activation/jakarta.activation/1.2.2/jakarta.activation-1.2.2.jar:/Users/maa/.m2/repository/org/seleniumhq/selenium/selenium-http/4.5.0/selenium-http-4.5.0.jar:/Users/maa/.m2/repository/dev/failsafe/failsafe/3.2.4/failsafe-3.2.4.jar:/Users/maa/.m2/repository/org/seleniumhq/selenium/selenium-safari-driver/4.5.0/selenium-safari-driver-4.5.0.jar:/Users/maa/.m2/repository/org/seleniumhq/selenium/selenium-support/4.5.0/selenium-support-4.5.0.jar:/Users/maa/.m2/repository/io/cucumber/cucumber-picocontainer/7.8.1/cucumber-picocontainer-7.8.1.jar:/Users/maa/.m2/repository/org/picocontainer/picocontainer/2.15/picocontainer-2.15.jar:/Users/maa/.m2/repository/com/aventstack/extentreports/5.0.9/extentreports-5.0.9.jar:/Users/maa/.m2/repository/io/reactivex/rxjava3/rxjava/3.0.4/rxjava-3.0.4.jar:/Users/maa/.m2/repository/org/reactivestreams/reactive-streams/1.0.3/reactive-streams-1.0.3.jar:/Users/maa/.m2/repository/org/freemarker/freemarker/2.3.30/freemarker-2.3.30.jar:/Users/maa/.m2/repository/org/projectlombok/lombok/1.18.12/lombok-1.18.12.jar:/Users/maa/.m2/repository/com/google/code/gson/gson/2.8.6/gson-2.8.6.jar:/Users/maa/.m2/repository/tech/grasshopper/extentreports-cucumber7-adapter/1.7.0/extentreports-cucumber7-adapter-1.7.0.jar:/Users/maa/.m2/repository/tech/grasshopper/extent-pdf-report/2.7.0/extent-pdf-report-2.7.0.jar:/Users/maa/.m2/repository/tech/grasshopper/cucumber-pdf-report/2.10.0/cucumber-pdf-report-2.10.0.jar:/Users/maa/.m2/repository/org/apache/pdfbox/pdfbox/2.0.26/pdfbox-2.0.26.jar:/Users/maa/.m2/repository/org/apache/pdfbox/fontbox/2.0.26/fontbox-2.0.26.jar:/Users/maa/.m2/repository/org/knowm/xchart/xchart/3.8.0/xchart-3.8.0.jar:/Users/maa/.m2/repository/de/erichseifert/vectorgraphics2d/VectorGraphics2D/0.13/VectorGraphics2D-0.13.jar:/Users/maa/.m2/repository/de/rototor/pdfbox/graphics2d/0.30/graphics2d-0.30.jar:/Users/maa/.m2/repository/com/madgag/animated-gif-lib/1.4/animated-gif-lib-1.4.jar:/Users/maa/.m2/repository/org/yaml/snakeyaml/1.28/snakeyaml-1.28.jar:/Users/maa/.m2/repository/tech/grasshopper/table-layout/1.5.1/table-layout-1.5.1.jar:/Users/maa/.m2/repository/tech/grasshopper/rest-assured-cucumber-pdf-report/1.4.1/rest-assured-cucumber-pdf-report-1.4.1.jar:/Users/maa/.m2/repository/org/jsoup/jsoup/1.14.3/jsoup-1.14.3.jar:/Users/maa/.m2/repository/com/aventstack/klov-reporter/5.0.9/klov-reporter-5.0.9.jar:/Users/maa/.m2/repository/org/mongodb/mongodb-driver/3.6.4/mongodb-driver-3.6.4.jar:/Users/maa/.m2/repository/org/mongodb/mongodb-driver-core/3.6.4/mongodb-driver-core-3.6.4.jar:/Users/maa/.m2/repository/org/mongodb/bson/3.6.4/bson-3.6.4.jar:/Users/maa/.m2/repository/org/apache/httpcomponents/httpclient/4.5.13/httpclient-4.5.13.jar:/Users/maa/.m2/repository/org/apache/httpcomponents/httpcore/4.4.13/httpcore-4.4.13.jar:/Users/maa/.m2/repository/commons-logging/commons-logging/1.2/commons-logging-1.2.jar:/Users/maa/.m2/repository/commons-codec/commons-codec/1.11/commons-codec-1.11.jar:/Users/maa/.m2/repository/org/apache/httpcomponents/httpmime/4.5.13/httpmime-4.5.13.jar:/Users/maa/.m2/repository/tech/grasshopper/htmlextentreporter/1.0.1/htmlextentreporter-1.0.1.jar:/Users/maa/.m2/repository/commons-io/commons-io/2.11.0/commons-io-2.11.0.jar:"/>
    <property name="sun.cpu.endian" value="little"/>
    <property name="user.home" value="/Users/maa"/>
    <property name="user.language" value="en"/>
    <property name="java.specification.vendor" value="Oracle Corporation"/>
    <property name="java.version.date" value="2022-08-18"/>
    <property name="java.home" value="/Library/Java/JavaVirtualMachines/jdk-17.0.4.1.jdk/Contents/Home"/>
    <property name="file.separator" value="/"/>
    <property name="basedir" value="/Users/maa/Projects/Eclipse/CucumberFramework"/>
    <property name="java.vm.compressedOopsMode" value="Zero based"/>
    <property name="line.separator" value="&#10;"/>
    <property name="java.vm.specification.vendor" value="Oracle Corporation"/>
    <property name="java.specification.name" value="Java Platform API Specification"/>
    <property name="surefire.real.class.path" value="/Users/maa/Projects/Eclipse/CucumberFramework/target/surefire/surefirebooter4529295232998762144.jar"/>
    <property name="sun.management.compiler" value="HotSpot 64-Bit Tiered Compilers"/>
    <property name="ftp.nonProxyHosts" value="local|*.local|169.254/16|*.169.254/16"/>
    <property name="java.runtime.version" value="17.0.4.1+1-LTS-2"/>
    <property name="user.name" value="maa"/>
    <property name="path.separator" value=":"/>
    <property name="os.version" value="12.5"/>
    <property name="java.runtime.name" value="Java(TM) SE Runtime Environment"/>
    <property name="file.encoding" value="UTF-8"/>
    <property name="browser" value="Chrome"/>
    <property name="java.vm.name" value="Java HotSpot(TM) 64-Bit Server VM"/>
    <property name="localRepository" value="/Users/maa/.m2/repository"/>
    <property name="java.vendor.url.bug" value="https://bugreport.java.com/bugreport/"/>
    <property name="java.io.tmpdir" value="/var/folders/zn/1g7r1pss1w92b4rnrv56_3y00000gn/T/"/>
    <property name="java.version" value="17.0.4.1"/>
    <property name="cucumber.filter.tags" value="@Offer"/>
    <property name="user.dir" value="/Users/maa/Projects/Eclipse/CucumberFramework"/>
    <property name="os.arch" value="aarch64"/>
    <property name="java.vm.specification.name" value="Java Virtual Machine Specification"/>
    <property name="native.encoding" value="UTF-8"/>
    <property name="java.library.path" value="/Users/maa/Library/Java/Extensions:/Library/Java/Extensions:/Network/Library/Java/Extensions:/System/Library/Java/Extensions:/usr/lib/java:."/>
    <property name="java.vm.info" value="mixed mode, sharing"/>
    <property name="java.vendor" value="Oracle Corporation"/>
    <property name="java.vm.version" value="17.0.4.1+1-LTS-2"/>
    <property name="sun.io.unicode.encoding" value="UnicodeBig"/>
    <property name="socksNonProxyHosts" value="local|*.local|169.254/16|*.169.254/16"/>
    <property name="java.class.version" value="61.0"/>
  </properties>
  <testcase name="runScenario[&quot;Search experince for Product search in both Home and Offers Page With Different Values&quot;, &quot;Search and Place the order for Products&quot;](1)" classname="cucumberoptions.TestNGTestRunner" time="24.185">
    <system-out><![CDATA[Beans
Tomato
Potato
]]></system-out>
    <system-err><![CDATA[SLF4J: Failed to load class "org.slf4j.impl.StaticLoggerBinder".
SLF4J: Defaulting to no-operation (NOP) logger implementation
SLF4J: See http://www.slf4j.org/codes.html#StaticLoggerBinder for further details.
Starting ChromeDriver 106.0.5249.6S1S (tt5117aarr5tt5i3i5nn5g8g449  55CcCd3heh2r6r4o77mo9bamef0DdedrD38i2r12a4dv0-reierf s1/0b6r.a0n.vc5eh2r4- 9he1.a60d61s/. 05(2.54519@12{74#955.65693}51)5  (8o45141n97555 5cp3do53r5et8264 444979753596bc3da
f3O0ed2n6dl34y8 72l1o792caba4aldf 00cd-odn3rn8ee2fc1st2/iba4rd0o-refsna/snb rcaharn-ehc hea-alhdelso/adw5es2/d4.95
2@P{4l9#e@5a{6s#9e5} 6)s9 e}oe n ) httpoponsr :tp/ o/4rc9th4 r35o1m7
9e3Odn9rl
yivO nelrloy.cc ahllro occmaoiln uneccomtn.inooencst iaornes  aalrleo waeldl.o
Prlge/wases escued.e
Pele ashtet ps://chrromietdyr-ivceosre.ec hhrtotmpnissu:imd/.e/orcrahgt/irsooenmcseu drfrioitrveyr-.ccohnrsoimdie urmsau.togigoresngst/is oefor scuuritgy-gconesisdertatniioonss  fonrs  sooung gnkeeste piioknngs  eoCnhe rokempeepiinngg D CChhrrroommeeiDDrrivivveerr  essaaffree..

 safe.
CCChhhrrrooommmeeeDDrriivDvererri  vwweaarss   swatsa rsttead srsutctecaderstsefdu l slusy.uc
cccessfeulslsyf.u
lly.
Oct 17, 2022 8:15:33 PM org.openqa.selenium.remote.ProtocolHandshake createSession
INFO: Detected upstream dialect: W3C
Oct 17, 2022 8:15:33 PM org.openqa.selenium.remote.ProtocolHandshake createSession
INFO: Detected upstream dialect: W3C
Oct 17, 2022 8:15:33 PM org.openqa.selenium.remote.ProtocolHandshake createSession
INFO: Detected upstream dialect: W3C
Oct 17, 2022 8:15:33 PM org.openqa.selenium.devtools.CdpVersionFinder findNearestMatch
INFO: Found exact CDP implementation for version 106
Oct 17, 2022 8:15:33 PM org.openqa.selenium.devtools.CdpVersionFinder findNearestMatch
INFO: Found exact CDP implementation for version 106
Oct 17, 2022 8:15:33 PM org.openqa.selenium.devtools.CdpVersionFinder findNearestMatch
INFO: Found exact CDP implementation for version 106
]]></system-err>
  </testcase>
  <testcase name="runScenario[&quot;Search experince for Product search in both Home and Offers Page&quot;, &quot;Search and Place the order for Products&quot;](2)" classname="cucumberoptions.TestNGTestRunner" time="25.053"/>
  <testcase name="runScenario[&quot;Search experince for Product search in both Home and Offers Page With Different Values&quot;, &quot;Search and Place the order for Products&quot;](3)" classname="cucumberoptions.TestNGTestRunner" time="25.087"/>
</testsuite>