<?xml version="1.0" encoding="UTF-8"?>
<!-- Generated by org.testng.reporters.JUnitReportReporter -->
<testsuite hostname="Maas-MacBook-Air.local" failures="0" tests="3" name="cucumberoptions.TestNGTestRunner" time="74.317" errors="0" timestamp="2022-10-17T20:15:51 IST" skipped="0">
  <testcase classname="cucumberoptions.TestNGTestRunner" name="runScenario" time="24.173"/>
  <system-out/>
  <testcase classname="cucumberoptions.TestNGTestRunner" name="runScenario" time="25.089"/>
  <system-out/>
  <testcase classname="cucumberoptions.TestNGTestRunner" name="runScenario" time="25.055"/>
  <system-out/>
</testsuite> <!-- cucumberoptions.TestNGTestRunner -->
